[debug] [2023-02-19T22:24:02.861Z] ----------------------------------------------------------------------
[debug] [2023-02-19T22:24:02.866Z] Command:       C:\Program Files\nodejs\node.exe C:\Users\neged\AppData\Roaming\npm\node_modules\firebase-tools\lib\bin\firebase.js init
[debug] [2023-02-19T22:24:02.867Z] CLI Version:   11.23.1
[debug] [2023-02-19T22:24:02.867Z] Platform:      win32
[debug] [2023-02-19T22:24:02.868Z] Node Version:  v16.15.1
[debug] [2023-02-19T22:24:02.869Z] Time:          Sun Feb 19 2023 23:24:02 GMT+0100 (West Africa Standard Time)
[debug] [2023-02-19T22:24:02.869Z] ----------------------------------------------------------------------
[debug] 
[debug] [2023-02-19T22:24:03.046Z] > command requires scopes: ["email","openid","https://www.googleapis.com/auth/cloudplatformprojects.readonly","https://www.googleapis.com/auth/firebase","https://www.googleapis.com/auth/cloud-platform"]
[debug] [2023-02-19T22:24:03.047Z] > authorizing via signed-in user (negedumartha16@gmail.com)
[info] 
     ######## #### ########  ######## ########     ###     ######  ########
     ##        ##  ##     ## ##       ##     ##  ##   ##  ##       ##
     ######    ##  ########  ######   ########  #########  ######  ######
     ##        ##  ##    ##  ##       ##     ## ##     ##       ## ##
     ##       #### ##     ## ######## ########  ##     ##  ######  ########

You're about to initialize a Firebase project in this directory:

  C:\Users\neged\Desktop\Court_Case_App

Before we get started, keep in mind:

  * You are initializing within an existing Firebase project directory

[info] 
=== Project Setup
[info] 
[info] First, let's associate this project directory with a Firebase project.
[info] You can create multiple project aliases by running firebase use --add, 
[info] but for now we'll just set up a default project.
[info] 
[debug] [2023-02-19T22:24:24.584Z] Using project from CLI flag: court-app-96c2d
[debug] [2023-02-19T22:24:24.593Z] >>> [apiv2][query] GET https://firebase.googleapis.com/v1beta1/projects/court-app-96c2d [none]
[debug] [2023-02-19T22:24:25.499Z] <<< [apiv2][status] GET https://firebase.googleapis.com/v1beta1/projects/court-app-96c2d 200
[debug] [2023-02-19T22:24:25.499Z] <<< [apiv2][body] GET https://firebase.googleapis.com/v1beta1/projects/court-app-96c2d {"projectId":"court-app-96c2d","projectNumber":"386097828780","displayName":"court-app","name":"projects/court-app-96c2d","resources":{"hostingSite":"court-app-96c2d"},"state":"ACTIVE","etag":"1_69169452-45b9-44d1-a5b1-056f8d6205a9"}
[info] i  Using project court-app-96c2d (court-app) 
[info] 
=== Hosting:github Setup
[info] 
[info] i  Detected a .git folder at C:\Users\neged\Desktop\Court_Case_App 
[info] i  Authorizing with GitHub to upload your service account to a GitHub repository's secrets store. 
[info] 
[info] Visit this URL on this device to log in:
[info] https://github.com/login/oauth/authorize?client_id=89cf50f02ac6aaed3484&state=131739631&redirect_uri=http%3A%2F%2Flocalhost%3A9005&scope=read%3Auser%20repo%20public_repo
[info] 
[info] Waiting for authentication...
[debug] [2023-02-19T22:24:32.903Z] >>> [apiv2][query] POST https://github.com/login/oauth/access_token [none]
[debug] [2023-02-19T22:24:32.903Z] >>> [apiv2][body] POST https://github.com/login/oauth/access_token [stream]
[debug] [2023-02-19T22:24:34.130Z] <<< [apiv2][status] POST https://github.com/login/oauth/access_token 200
[debug] [2023-02-19T22:24:34.131Z] <<< [apiv2][body] POST https://github.com/login/oauth/access_token {"access_token":"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","token_type":"bearer","scope":"read:user,repo"}
[debug] [2023-02-19T22:24:34.220Z] >>> [apiv2][query] GET https://api.github.com/user [none]
[debug] [2023-02-19T22:24:42.196Z] <<< [apiv2][status] GET https://api.github.com/user 200
[debug] [2023-02-19T22:24:42.196Z] <<< [apiv2][body] GET https://api.github.com/user {"login":"UnekwuMartha","id":40647358,"node_id":"MDQ6VXNlcjQwNjQ3MzU4","avatar_url":"https://avatars.githubusercontent.com/u/40647358?v=4","gravatar_id":"","url":"https://api.github.com/users/UnekwuMartha","html_url":"https://github.com/UnekwuMartha","followers_url":"https://api.github.com/users/UnekwuMartha/followers","following_url":"https://api.github.com/users/UnekwuMartha/following{/other_user}","gists_url":"https://api.github.com/users/UnekwuMartha/gists{/gist_id}","starred_url":"https://api.github.com/users/UnekwuMartha/starred{/owner}{/repo}","subscriptions_url":"https://api.github.com/users/UnekwuMartha/subscriptions","organizations_url":"https://api.github.com/users/UnekwuMartha/orgs","repos_url":"https://api.github.com/users/UnekwuMartha/repos","events_url":"https://api.github.com/users/UnekwuMartha/events{/privacy}","received_events_url":"https://api.github.com/users/UnekwuMartha/received_events","type":"User","site_admin":false,"name":null,"company":null,"blog":"","location":null,"email":null,"hireable":null,"bio":null,"twitter_username":null,"public_repos":12,"public_gists":0,"followers":0,"following":2,"created_at":"2018-06-28T00:15:42Z","updated_at":"2023-01-14T00:11:26Z","private_gists":1,"total_private_repos":0,"owned_private_repos":0,"disk_usage":11105,"collaborators":0,"two_factor_authentication":false,"plan":{"name":"free","space":976562499,"collaborators":0,"private_repos":10000}}
[info] 
[info] +  Success! Logged into GitHub as UnekwuMartha 
[info] 
[debug] [2023-02-19T22:24:58.457Z] >>> [apiv2][query] GET https://api.github.com/repos/UnekwuMartha/court_app/actions/secrets/public-key type=owner
[debug] [2023-02-19T22:24:59.192Z] <<< [apiv2][status] GET https://api.github.com/repos/UnekwuMartha/court_app/actions/secrets/public-key 200
[debug] [2023-02-19T22:24:59.193Z] <<< [apiv2][body] GET https://api.github.com/repos/UnekwuMartha/court_app/actions/secrets/public-key {"key_id":"568250167242549743","key":"C1wNZ5kmfuEgvMBx8tzTFikcVQKjpefWlplE8VIP+BI="}
[debug] [2023-02-19T22:24:59.202Z] >>> [apiv2][query] GET https://api.github.com/repos/UnekwuMartha/court_app [none]
[debug] [2023-02-19T22:24:59.910Z] <<< [apiv2][status] GET https://api.github.com/repos/UnekwuMartha/court_app 200
[debug] [2023-02-19T22:24:59.910Z] <<< [apiv2][body] GET https://api.github.com/repos/UnekwuMartha/court_app {"id":595053867,"node_id":"R_kgDOI3fNKw","name":"court_app","full_name":"UnekwuMartha/court_app","private":false,"owner":{"login":"UnekwuMartha","id":40647358,"node_id":"MDQ6VXNlcjQwNjQ3MzU4","avatar_url":"https://avatars.githubusercontent.com/u/40647358?v=4","gravatar_id":"","url":"https://api.github.com/users/UnekwuMartha","html_url":"https://github.com/UnekwuMartha","followers_url":"https://api.github.com/users/UnekwuMartha/followers","following_url":"https://api.github.com/users/UnekwuMartha/following{/other_user}","gists_url":"https://api.github.com/users/UnekwuMartha/gists{/gist_id}","starred_url":"https://api.github.com/users/UnekwuMartha/starred{/owner}{/repo}","subscriptions_url":"https://api.github.com/users/UnekwuMartha/subscriptions","organizations_url":"https://api.github.com/users/UnekwuMartha/orgs","repos_url":"https://api.github.com/users/UnekwuMartha/repos","events_url":"https://api.github.com/users/UnekwuMartha/events{/privacy}","received_events_url":"https://api.github.com/users/UnekwuMartha/received_events","type":"User","site_admin":false},"html_url":"https://github.com/UnekwuMartha/court_app","description":null,"fork":false,"url":"https://api.github.com/repos/UnekwuMartha/court_app","forks_url":"https://api.github.com/repos/UnekwuMartha/court_app/forks","keys_url":"https://api.github.com/repos/UnekwuMartha/court_app/keys{/key_id}","collaborators_url":"https://api.github.com/repos/UnekwuMartha/court_app/collaborators{/collaborator}","teams_url":"https://api.github.com/repos/UnekwuMartha/court_app/teams","hooks_url":"https://api.github.com/repos/UnekwuMartha/court_app/hooks","issue_events_url":"https://api.github.com/repos/UnekwuMartha/court_app/issues/events{/number}","events_url":"https://api.github.com/repos/UnekwuMartha/court_app/events","assignees_url":"https://api.github.com/repos/UnekwuMartha/court_app/assignees{/user}","branches_url":"https://api.github.com/repos/UnekwuMartha/court_app/branches{/branch}","tags_url":"https://api.github.com/repos/UnekwuMartha/court_app/tags","blobs_url":"https://api.github.com/repos/UnekwuMartha/court_app/git/blobs{/sha}","git_tags_url":"https://api.github.com/repos/UnekwuMartha/court_app/git/tags{/sha}","git_refs_url":"https://api.github.com/repos/UnekwuMartha/court_app/git/refs{/sha}","trees_url":"https://api.github.com/repos/UnekwuMartha/court_app/git/trees{/sha}","statuses_url":"https://api.github.com/repos/UnekwuMartha/court_app/statuses/{sha}","languages_url":"https://api.github.com/repos/UnekwuMartha/court_app/languages","stargazers_url":"https://api.github.com/repos/UnekwuMartha/court_app/stargazers","contributors_url":"https://api.github.com/repos/UnekwuMartha/court_app/contributors","subscribers_url":"https://api.github.com/repos/UnekwuMartha/court_app/subscribers","subscription_url":"https://api.github.com/repos/UnekwuMartha/court_app/subscription","commits_url":"https://api.github.com/repos/UnekwuMartha/court_app/commits{/sha}","git_commits_url":"https://api.github.com/repos/UnekwuMartha/court_app/git/commits{/sha}","comments_url":"https://api.github.com/repos/UnekwuMartha/court_app/comments{/number}","issue_comment_url":"https://api.github.com/repos/UnekwuMartha/court_app/issues/comments{/number}","contents_url":"https://api.github.com/repos/UnekwuMartha/court_app/contents/{+path}","compare_url":"https://api.github.com/repos/UnekwuMartha/court_app/compare/{base}...{head}","merges_url":"https://api.github.com/repos/UnekwuMartha/court_app/merges","archive_url":"https://api.github.com/repos/UnekwuMartha/court_app/{archive_format}{/ref}","downloads_url":"https://api.github.com/repos/UnekwuMartha/court_app/downloads","issues_url":"https://api.github.com/repos/UnekwuMartha/court_app/issues{/number}","pulls_url":"https://api.github.com/repos/UnekwuMartha/court_app/pulls{/number}","milestones_url":"https://api.github.com/repos/UnekwuMartha/court_app/milestones{/number}","notifications_url":"https://api.github.com/repos/UnekwuMartha/court_app/notifications{?since,all,participating}","labels_url":"https://api.github.com/repos/UnekwuMartha/court_app/labels{/name}","releases_url":"https://api.github.com/repos/UnekwuMartha/court_app/releases{/id}","deployments_url":"https://api.github.com/repos/UnekwuMartha/court_app/deployments","created_at":"2023-01-30T09:49:37Z","updated_at":"2023-01-30T09:51:05Z","pushed_at":"2023-02-19T21:55:38Z","git_url":"git://github.com/UnekwuMartha/court_app.git","ssh_url":"git@github.com:UnekwuMartha/court_app.git","clone_url":"https://github.com/UnekwuMartha/court_app.git","svn_url":"https://github.com/UnekwuMartha/court_app","homepage":null,"size":634,"stargazers_count":0,"watchers_count":0,"language":"CSS","has_issues":true,"has_projects":true,"has_downloads":true,"has_wiki":true,"has_pages":false,"has_discussions":false,"forks_count":0,"mirror_url":null,"archived":false,"disabled":false,"open_issues_count":0,"license":null,"allow_forking":true,"is_template":false,"web_commit_signoff_required":false,"topics":[],"visibility":"public","forks":0,"open_issues":0,"watchers":0,"default_branch":"master","permissions":{"admin":true,"maintain":true,"push":true,"triage":true,"pull":true},"temp_clone_token":"","allow_squash_merge":true,"allow_merge_commit":true,"allow_rebase_merge":true,"allow_auto_merge":false,"delete_branch_on_merge":false,"allow_update_branch":false,"use_squash_pr_title_as_default":false,"squash_merge_commit_message":"COMMIT_MESSAGES","squash_merge_commit_title":"COMMIT_OR_PR_TITLE","merge_commit_message":"PR_TITLE","merge_commit_title":"MERGE_MESSAGE","security_and_analysis":{"secret_scanning":{"status":"disabled"},"secret_scanning_push_protection":{"status":"disabled"}},"network_count":0,"subscribers_count":1}
[debug] [2023-02-19T22:24:59.936Z] >>> [apiv2][query] POST https://iam.googleapis.com/v1/projects/court-app-96c2d/serviceAccounts [none]
[debug] [2023-02-19T22:24:59.937Z] >>> [apiv2][body] POST https://iam.googleapis.com/v1/projects/court-app-96c2d/serviceAccounts {"accountId":"github-action-595053867","serviceAccount":{"displayName":"GitHub Actions (UnekwuMartha/court_app)","description":"A service account with permission to deploy to Firebase Hosting for the GitHub repository UnekwuMartha/court_app"}}
[debug] [2023-02-19T22:25:16.131Z] Error: Timed out.
    at Timeout._onTimeout (C:\Users\neged\AppData\Roaming\npm\node_modules\firebase-tools\lib\utils.js:253:49)
    at listOnTimeout (node:internal/timers:559:17)
    at processTimers (node:internal/timers:502:7)
[error] 
[error] Error: An unexpected error has occurred.
[debug] [2023-02-19T23:09:17.181Z] ----------------------------------------------------------------------
[debug] [2023-02-19T23:09:17.190Z] Command:       C:\Program Files\nodejs\node.exe C:\Users\neged\AppData\Roaming\npm\node_modules\firebase-tools\lib\bin\firebase.js init
[debug] [2023-02-19T23:09:17.191Z] CLI Version:   11.23.1
[debug] [2023-02-19T23:09:17.192Z] Platform:      win32
[debug] [2023-02-19T23:09:17.192Z] Node Version:  v16.15.1
[debug] [2023-02-19T23:09:17.323Z] Time:          Mon Feb 20 2023 00:09:17 GMT+0100 (West Africa Standard Time)
[debug] [2023-02-19T23:09:17.324Z] ----------------------------------------------------------------------
[debug] 
[debug] [2023-02-19T23:09:17.663Z] > command requires scopes: ["email","openid","https://www.googleapis.com/auth/cloudplatformprojects.readonly","https://www.googleapis.com/auth/firebase","https://www.googleapis.com/auth/cloud-platform"]
[debug] [2023-02-19T23:09:17.665Z] > authorizing via signed-in user (negedumartha16@gmail.com)
[info] 
     ######## #### ########  ######## ########     ###     ######  ########
     ##        ##  ##     ## ##       ##     ##  ##   ##  ##       ##
     ######    ##  ########  ######   ########  #########  ######  ######
     ##        ##  ##    ##  ##       ##     ## ##     ##       ## ##
     ##       #### ##     ## ######## ########  ##     ##  ######  ########

You're about to initialize a Firebase project in this directory:

  C:\Users\neged\Desktop\Court_Case_App

Before we get started, keep in mind:

  * You are initializing within an existing Firebase project directory

[info] 
=== Project Setup
[info] 
[info] First, let's associate this project directory with a Firebase project.
[info] You can create multiple project aliases by running firebase use --add, 
[info] but for now we'll just set up a default project.
[info] 
[debug] [2023-02-19T23:11:22.625Z] Using project from CLI flag: court-app-96c2d
[debug] [2023-02-19T23:11:22.759Z] > refreshing access token with scopes: []
[debug] [2023-02-19T23:11:22.764Z] >>> [apiv2][query] POST https://www.googleapis.com/oauth2/v3/token [none]
[debug] [2023-02-19T23:11:22.765Z] >>> [apiv2][body] POST https://www.googleapis.com/oauth2/v3/token [omitted]
[debug] [2023-02-19T23:11:23.458Z] Authentication Error: Your credentials are no longer valid. Please run firebase login --reauth

For CI servers and headless environments, generate a new token with firebase login:ci
[debug] [2023-02-19T23:11:23.492Z] FirebaseError: Authentication Error: Your credentials are no longer valid. Please run firebase login --reauth

For CI servers and headless environments, generate a new token with firebase login:ci
    at invalidCredentialError (C:\Users\neged\AppData\Roaming\npm\node_modules\firebase-tools\lib\auth.js:144:12)
    at refreshTokens (C:\Users\neged\AppData\Roaming\npm\node_modules\firebase-tools\lib\auth.js:508:15)
    at processTicksAndRejections (node:internal/process/task_queues:96:5)
    at async Client.getAccessToken (C:\Users\neged\AppData\Roaming\npm\node_modules\firebase-tools\lib\apiv2.js:149:23)
    at async Client.addAuthHeader (C:\Users\neged\AppData\Roaming\npm\node_modules\firebase-tools\lib\apiv2.js:140:21)
    at async Client.request (C:\Users\neged\AppData\Roaming\npm\node_modules\firebase-tools\lib\apiv2.js:96:34)
    at async getFirebaseProject (C:\Users\neged\AppData\Roaming\npm\node_modules\firebase-tools\lib\management\projects.js:295:21)
    at async doSetup (C:\Users\neged\AppData\Roaming\npm\node_modules\firebase-tools\lib\init\features\project.js:85:27)
    at async init (C:\Users\neged\AppData\Roaming\npm\node_modules\firebase-tools\lib\init\index.js:36:9)
[error] 
[error] Error: Failed to get Firebase project court-app-96c2d. Please make sure the project exists and your account has permission to access it.
